HUMiqvDBTDBAAPE/110114_I481_FC81C7HABXX_L7_HUMiqvDBTDBAAPE_1.fq.gz 2 3 40
HUMiqvDBTDBAAPE/110114_I481_FC81C7HABXX_L7_HUMiqvDBTDBAAPE_2.fq.gz 2 3 10
HUMiqvDBTDBAAPE/110201_I441_FC81EVJABXX_L5_HUMiqvDBTDBAAPE_1.fq.gz 2 3 40
HUMiqvDBTDBAAPE/110201_I441_FC81EVJABXX_L5_HUMiqvDBTDBAAPE_2.fq.gz 2 3 10
HUMiqvDBTDBABPE/110114_I481_FC81C7HABXX_L8_HUMiqvDBTDBABPE_1.fq.gz 2 3 40
HUMiqvDBTDBABPE/110114_I481_FC81C7HABXX_L8_HUMiqvDBTDBABPE_2.fq.gz 2 3 10
HUMiqvDBTDBABPE/110201_I441_FC81EVJABXX_L4_HUMiqvDBTDBABPE_1.fq.gz 2 3 40
HUMiqvDBTDBABPE/110201_I441_FC81EVJABXX_L4_HUMiqvDBTDBABPE_2.fq.gz 2 3 10
HUMiqvDBTDBCAPE/110115_I270_FC81CBVABXX_L5_HUMiqvDBTDBCAPE_1.fq.gz 2 3 40
HUMiqvDBTDBCAPE/110115_I270_FC81CBVABXX_L5_HUMiqvDBTDBCAPE_2.fq.gz 2 3 10
HUMiqvDBTDBCAPE/110130_I266_FC81EE0ABXX_L5_HUMiqvDBTDBCAPE_1.fq.gz 2 3 40
HUMiqvDBTDBCAPE/110130_I266_FC81EE0ABXX_L5_HUMiqvDBTDBCAPE_2.fq.gz 2 3 10
HUMiqvDBTDIAAPE/110114_I481_FC81C7HABXX_L5_HUMiqvDBTDIAAPE_1.fq.gz 2 3 40
HUMiqvDBTDIAAPE/110114_I481_FC81C7HABXX_L5_HUMiqvDBTDIAAPE_2.fq.gz 2 3 10
HUMiqvDBTDIBAPE/110114_I481_FC81C7HABXX_L6_HUMiqvDBTDIBAPE_1.fq.gz 2 3 40
HUMiqvDBTDIBAPE/110114_I481_FC81C7HABXX_L6_HUMiqvDBTDIBAPE_2.fq.gz 2 3 10
HUMiqvDBTDLAAPE/110115_I125_FC81C7KABXX_L3_HUMiqvDBTDLAAPE_1.fq.gz 2 3 40
HUMiqvDBTDLAAPE/110115_I125_FC81C7KABXX_L3_HUMiqvDBTDLAAPE_2.fq.gz 2 3 10
HUMiqvDBTDTAAPE/110118_I137_FC81990ABXX_L5_HUMiqvDBTDTAAPE_1.fq.gz 2 3 40
HUMiqvDBTDTAAPE/110118_I137_FC81990ABXX_L5_HUMiqvDBTDTAAPE_2.fq.gz 2 3 10
HUMiqvDBTDUAAPE/110121_I338_FC702HNABXX_L5_HUMiqvDBTDUAAPE_1.fq.gz 2 3 40
HUMiqvDBTDUAAPE/110121_I338_FC702HNABXX_L5_HUMiqvDBTDUAAPE_2.fq.gz 2 3 10
HUMiqvDBTDWAAPE/110112_I199_FC819BBABXX_L3_HUMiqvDBTDWAAPE_1.fq.gz 2 3 40
HUMiqvDBTDWAAPE/110112_I199_FC819BBABXX_L3_HUMiqvDBTDWAAPE_2.fq.gz 2 3 10
030MATEP02AADVAAPEI-7/100710_I145_FC20172ABXX_L2_030MATEP02AADVAAPEI-7_1.fq.gz 22 25 20
030MATEP02AADVAAPEI-7/100710_I145_FC20172ABXX_L2_030MATEP02AADVAAPEI-7_2.fq.gz 22 25 0
HUMiqvDADDUAAPE/110427_I238_FCB058TABXX_L7_HUMiqvDADDUAAPE_1.fq.gz 2 3 40
HUMiqvDADDUAAPE/110427_I238_FCB058TABXX_L7_HUMiqvDADDUAAPE_2.fq.gz 2 3 10
HUMiqvDBTDTBAPE/110425_I263_FCB0623ABXX_L8_HUMiqvDBTDTBAPE_1.fq.gz 2 3 40
HUMiqvDBTDTBAPE/110425_I263_FCB0623ABXX_L8_HUMiqvDBTDTBAPE_2.fq.gz 2 3 10
HUMwkqRAADUAAPE/091223_I637_FC61B3MAAXX_L4_HUMwkqRAADUAAPE_1.fq.gz 0 0 20
HUMwkqRAADUAAPE/091223_I637_FC61B3MAAXX_L4_HUMwkqRAADUAAPE_2.fq.gz 0 0 0
